\BOOKMARK [1][-]{section.1}{\376\377\000I\000n\000t\000r\000o\000d\000u\000c\000t\000i\000o\000n}{}% 1
\BOOKMARK [2][-]{subsection.1.1}{\376\377\000B\000a\000c\000k\000g\000r\000o\000u\000n\000d}{section.1}% 2
\BOOKMARK [2][-]{subsection.1.2}{\376\377\000R\000e\000p\000o\000r\000t\000\040\000O\000r\000g\000a\000n\000i\000z\000a\000t\000i\000o\000n}{section.1}% 3
\BOOKMARK [1][-]{section.2}{\376\377\000P\000r\000o\000b\000l\000e\000m\000\040\0001}{}% 4
\BOOKMARK [2][-]{subsection.2.1}{\376\377\000D\000i\000s\000t\000r\000i\000b\000u\000t\000i\000o\000n\000\040\000o\000f\000\040\000t\000h\000e\000\040\000S\000a\000m\000p\000l\000e\000\040\000M\000e\000a\000n}{section.2}% 5
\BOOKMARK [2][-]{subsection.2.2}{\376\377\000P\000r\000o\000b\000a\000b\000i\000l\000i\000t\000y\000\040\000o\000f\000\040\000E\000r\000r\000o\000r}{section.2}% 6
\BOOKMARK [2][-]{subsection.2.3}{\376\377\000M\000A\000T\000L\000A\000B}{section.2}% 7
\BOOKMARK [1][-]{section.3}{\376\377\000P\000r\000o\000b\000l\000e\000m\000\040\0002}{}% 8
\BOOKMARK [2][-]{subsection.3.1}{\376\377\000P\000r\000e\000l\000i\000m\000i\000n\000a\000r\000y\000\040\000R\000e\000m\000a\000r\000k\000s}{section.3}% 9
\BOOKMARK [2][-]{subsection.3.2}{\376\377\000M\000a\000t\000l\000a\000b\000\040\000C\000o\000d\000e}{section.3}% 10
\BOOKMARK [2][-]{subsection.3.3}{\376\377\000I\000n\000t\000e\000r\000p\000r\000e\000t\000a\000t\000i\000o\000n\000\040\000o\000f\000\040\000R\000e\000s\000u\000l\000t\000s}{section.3}% 11
\BOOKMARK [1][-]{section.4}{\376\377\000P\000r\000o\000b\000l\000e\000m\000\040\0003}{}% 12
\BOOKMARK [2][-]{subsection.4.1}{\376\377\000p\000a\000r\000t\000\040\000A}{section.4}% 13
\BOOKMARK [3][-]{subsubsection.4.1.1}{\376\377\000P\000r\000e\000l\000i\000m\000i\000n\000a\000r\000y\000\040\000R\000e\000m\000a\000r\000k\000s}{subsection.4.1}% 14
\BOOKMARK [3][-]{subsubsection.4.1.2}{\376\377\000A\000n\000s\000w\000e\000r}{subsection.4.1}% 15
\BOOKMARK [2][-]{subsection.4.2}{\376\377\000p\000a\000r\000t\000\040\000B}{section.4}% 16
\BOOKMARK [3][-]{subsubsection.4.2.1}{\376\377\000P\000r\000e\000l\000i\000m\000i\000n\000a\000r\000y\000\040\000R\000e\000m\000a\000r\000k\000s}{subsection.4.2}% 17
\BOOKMARK [3][-]{subsubsection.4.2.2}{\376\377\000A\000n\000s\000w\000e\000r}{subsection.4.2}% 18
\BOOKMARK [1][-]{section.5}{\376\377\000P\000r\000o\000b\000l\000e\000m\000\040\0004}{}% 19
\BOOKMARK [2][-]{subsection.5.1}{\376\377\000P\000r\000e\000l\000i\000m\000i\000n\000a\000r\000y\000\040\000R\000e\000m\000a\000r\000k\000s}{section.5}% 20
\BOOKMARK [2][-]{subsection.5.2}{\376\377\000A\000n\000s\000w\000e\000r}{section.5}% 21
\BOOKMARK [2][-]{subsection.5.3}{\376\377\000M\000a\000t\000l\000a\000b\000\040\000C\000o\000d\000e}{section.5}% 22
\BOOKMARK [2][-]{subsection.5.4}{\376\377\000R\000e\000s\000u\000l\000t\000s\000\040\000\050\000f\000r\000o\000m\000\040\000M\000a\000t\000l\000a\000b\000\051}{section.5}% 23
\BOOKMARK [2][-]{subsection.5.5}{\376\377\000I\000n\000t\000e\000r\000p\000r\000e\000t\000a\000t\000i\000o\000n\000\040\000o\000f\000\040\000R\000e\000s\000u\000l\000t\000s}{section.5}% 24
\BOOKMARK [1][-]{section.6}{\376\377\000P\000r\000o\000b\000l\000e\000m\000\040\0005}{}% 25
\BOOKMARK [2][-]{subsection.6.1}{\376\377\000P\000r\000e\000l\000i\000m\000i\000n\000a\000r\000y\000\040\000R\000e\000m\000a\000r\000k\000s}{section.6}% 26
\BOOKMARK [2][-]{subsection.6.2}{\376\377\000A\000n\000s\000w\000e\000r}{section.6}% 27
\BOOKMARK [2][-]{subsection.6.3}{\376\377\000M\000a\000t\000l\000a\000b\000\040\000C\000o\000d\000e}{section.6}% 28
\BOOKMARK [2][-]{subsection.6.4}{\376\377\000R\000e\000s\000u\000l\000t\000s}{section.6}% 29
\BOOKMARK [2][-]{subsection.6.5}{\376\377\000I\000n\000t\000e\000r\000p\000r\000e\000t\000a\000t\000i\000o\000n\000\040\000o\000f\000\040\000R\000e\000s\000u\000l\000t\000s}{section.6}% 30
\BOOKMARK [1][-]{section.7}{\376\377\000P\000r\000o\000b\000l\000e\000m\000\040\0006}{}% 31
\BOOKMARK [1][-]{section.8}{\376\377\000P\000r\000o\000b\000l\000e\000m\000\040\0007}{}% 32
\BOOKMARK [1][-]{section.9}{\376\377\000P\000r\000o\000b\000l\000e\000m\000\040\0008}{}% 33
\BOOKMARK [1][-]{section.10}{\376\377\000C\000o\000n\000c\000l\000u\000s\000i\000o\000n}{}% 34
